2025-11-18 00:22:53,738 [INFO] Watching for file changes with StatReloader
2025-11-18 00:24:38,068 [INFO] C:\code\sacco\backend\urls.py changed, reloading.
2025-11-18 00:24:41,987 [INFO] Watching for file changes with StatReloader
2025-11-18 00:25:30,775 [INFO] C:\code\sacco\loans\views.py changed, reloading.
2025-11-18 00:25:33,158 [INFO] Watching for file changes with StatReloader
2025-11-18 00:25:41,960 [WARNING] Not Found: /
2025-11-18 00:25:48,042 [WARNING] Not Found: /favicon.ico
2025-11-18 00:31:06,946 [INFO] C:\code\sacco\loans\admin.py changed, reloading.
2025-11-18 00:31:09,537 [INFO] Watching for file changes with StatReloader
2025-11-18 00:31:18,787 [INFO] C:\code\sacco\loans\admin.py changed, reloading.
2025-11-18 01:03:01,907 [INFO] Watching for file changes with StatReloader
2025-11-18 01:03:06,308 [INFO] C:\code\sacco\loans\admin.py changed, reloading.
2025-11-18 01:03:11,051 [INFO] Watching for file changes with StatReloader
2025-11-19 18:33:26,147 [INFO] Watching for file changes with StatReloader
2025-11-19 18:35:41,860 [INFO] Watching for file changes with StatReloader
2025-11-19 19:16:17,459 [INFO] Watching for file changes with StatReloader
2025-11-19 19:17:37,375 [INFO] Watching for file changes with StatReloader
2025-11-19 19:17:58,097 [WARNING] Not Found: /
2025-11-19 19:18:05,672 [WARNING] Not Found: /favicon.ico
2025-11-19 19:49:09,929 [INFO] Watching for file changes with StatReloader
2025-11-19 19:50:34,234 [WARNING] Not Found: /favicon.ico
2025-11-19 19:57:59,175 [INFO] Watching for file changes with StatReloader
2025-11-19 19:58:26,464 [INFO] C:\code\sacco\backend\urls.py changed, reloading.
2025-11-19 19:58:31,378 [INFO] Watching for file changes with StatReloader
2025-11-19 19:58:55,153 [INFO] C:\code\sacco\backend\urls.py changed, reloading.
2025-11-19 19:58:57,799 [INFO] Watching for file changes with StatReloader
2025-11-19 19:59:42,872 [INFO] C:\code\sacco\backend\urls.py changed, reloading.
2025-11-19 19:59:45,604 [INFO] Watching for file changes with StatReloader
2025-11-20 15:55:27,217 [INFO] Watching for file changes with StatReloader
2025-11-20 15:55:49,004 [WARNING] Not Found: /favicon.ico
2025-11-20 15:55:54,480 [WARNING] Not Found: /loans
2025-11-20 16:06:30,492 [INFO] Watching for file changes with StatReloader
2025-11-20 16:06:35,524 [WARNING] Not Found: /loans
2025-11-20 16:07:09,348 [INFO] C:\code\sacco\backend\settings.py changed, reloading.
2025-11-20 16:07:13,117 [INFO] Watching for file changes with StatReloader
2025-11-20 16:07:15,750 [INFO] C:\code\sacco\backend\urls.py changed, reloading.
2025-11-20 16:07:17,855 [INFO] Watching for file changes with StatReloader
2025-11-20 16:07:25,454 [WARNING] Not Found: /loans
2025-11-20 16:07:45,474 [WARNING] Not Found: /loans/
2025-11-20 18:28:35,166 [WARNING] Not Found: /favicon.ico
2025-11-20 19:10:13,217 [ERROR] Internal Server Error: /admin/cash_dividends/savingsaccount/
Traceback (most recent call last):
  File "C:\code\sacco\venv\Lib\site-packages\django\core\handlers\exception.py", line 55, in inner
    response = get_response(request)
               ^^^^^^^^^^^^^^^^^^^^^
  File "C:\code\sacco\venv\Lib\site-packages\django\core\handlers\base.py", line 220, in _get_response
    response = response.render()
               ^^^^^^^^^^^^^^^^^
  File "C:\code\sacco\venv\Lib\site-packages\django\template\response.py", line 114, in render
    self.content = self.rendered_content
                   ^^^^^^^^^^^^^^^^^^^^^
  File "C:\code\sacco\venv\Lib\site-packages\django\template\response.py", line 92, in rendered_content
    return template.render(context, self._request)
           ^^^^^^^^^^^^^^^^^^^^^^^^^^^^^^^^^^^^^^^
  File "C:\code\sacco\venv\Lib\site-packages\django\template\backends\django.py", line 61, in render
    return self.template.render(context)
           ^^^^^^^^^^^^^^^^^^^^^^^^^^^^^
  File "C:\code\sacco\venv\Lib\site-packages\django\template\base.py", line 171, in render
    return self._render(context)
           ^^^^^^^^^^^^^^^^^^^^^
  File "C:\code\sacco\venv\Lib\site-packages\django\template\base.py", line 163, in _render
    return self.nodelist.render(context)
           ^^^^^^^^^^^^^^^^^^^^^^^^^^^^^
  File "C:\code\sacco\venv\Lib\site-packages\django\template\base.py", line 1000, in render
    return SafeString("".join([node.render_annotated(context) for node in self]))
                               ^^^^^^^^^^^^^^^^^^^^^^^^^^^^^^
  File "C:\code\sacco\venv\Lib\site-packages\django\template\base.py", line 961, in render_annotated
    return self.render(context)
           ^^^^^^^^^^^^^^^^^^^^
  File "C:\code\sacco\venv\Lib\site-packages\django\template\loader_tags.py", line 159, in render
    return compiled_parent._render(context)
           ^^^^^^^^^^^^^^^^^^^^^^^^^^^^^^^^
  File "C:\code\sacco\venv\Lib\site-packages\django\template\base.py", line 163, in _render
    return self.nodelist.render(context)
           ^^^^^^^^^^^^^^^^^^^^^^^^^^^^^
  File "C:\code\sacco\venv\Lib\site-packages\django\template\base.py", line 1000, in render
    return SafeString("".join([node.render_annotated(context) for node in self]))
                               ^^^^^^^^^^^^^^^^^^^^^^^^^^^^^^
  File "C:\code\sacco\venv\Lib\site-packages\django\template\base.py", line 961, in render_annotated
    return self.render(context)
           ^^^^^^^^^^^^^^^^^^^^
  File "C:\code\sacco\venv\Lib\site-packages\django\template\loader_tags.py", line 159, in render
    return compiled_parent._render(context)
           ^^^^^^^^^^^^^^^^^^^^^^^^^^^^^^^^
  File "C:\code\sacco\venv\Lib\site-packages\django\template\base.py", line 163, in _render
    return self.nodelist.render(context)
           ^^^^^^^^^^^^^^^^^^^^^^^^^^^^^
  File "C:\code\sacco\venv\Lib\site-packages\django\template\base.py", line 1000, in render
    return SafeString("".join([node.render_annotated(context) for node in self]))
                               ^^^^^^^^^^^^^^^^^^^^^^^^^^^^^^
  File "C:\code\sacco\venv\Lib\site-packages\django\template\base.py", line 961, in render_annotated
    return self.render(context)
           ^^^^^^^^^^^^^^^^^^^^
  File "C:\code\sacco\venv\Lib\site-packages\django\template\loader_tags.py", line 159, in render
    return compiled_parent._render(context)
           ^^^^^^^^^^^^^^^^^^^^^^^^^^^^^^^^
  File "C:\code\sacco\venv\Lib\site-packages\django\template\base.py", line 163, in _render
    return self.nodelist.render(context)
           ^^^^^^^^^^^^^^^^^^^^^^^^^^^^^
  File "C:\code\sacco\venv\Lib\site-packages\django\template\base.py", line 1000, in render
    return SafeString("".join([node.render_annotated(context) for node in self]))
                               ^^^^^^^^^^^^^^^^^^^^^^^^^^^^^^
  File "C:\code\sacco\venv\Lib\site-packages\django\template\base.py", line 961, in render_annotated
    return self.render(context)
           ^^^^^^^^^^^^^^^^^^^^
  File "C:\code\sacco\venv\Lib\site-packages\django\template\loader_tags.py", line 65, in render
    result = block.nodelist.render(context)
             ^^^^^^^^^^^^^^^^^^^^^^^^^^^^^^
  File "C:\code\sacco\venv\Lib\site-packages\django\template\base.py", line 1000, in render
    return SafeString("".join([node.render_annotated(context) for node in self]))
                               ^^^^^^^^^^^^^^^^^^^^^^^^^^^^^^
  File "C:\code\sacco\venv\Lib\site-packages\django\template\base.py", line 961, in render_annotated
    return self.render(context)
           ^^^^^^^^^^^^^^^^^^^^
  File "C:\code\sacco\venv\Lib\site-packages\django\template\base.py", line 1059, in render
    output = self.filter_expression.resolve(context)
             ^^^^^^^^^^^^^^^^^^^^^^^^^^^^^^^^^^^^^^^
  File "C:\code\sacco\venv\Lib\site-packages\django\template\base.py", line 737, in resolve
    new_obj = func(obj, *arg_vals)
              ^^^^^^^^^^^^^^^^^^^^
  File "C:\code\sacco\venv\Lib\site-packages\django\template\defaultfilters.py", line 93, in json_script
    return _json_script(value, element_id)
           ^^^^^^^^^^^^^^^^^^^^^^^^^^^^^^^
  File "C:\code\sacco\venv\Lib\site-packages\django\utils\html.py", line 93, in json_script
    json_str = json.dumps(value, cls=encoder or DjangoJSONEncoder).translate(
               ^^^^^^^^^^^^^^^^^^^^^^^^^^^^^^^^^^^^^^^^^^^^^^^^^^^
  File "C:\Users\NELSON\AppData\Local\Programs\Python\Python312\Lib\json\__init__.py", line 238, in dumps
    **kw).encode(obj)
          ^^^^^^^^^^^
  File "C:\Users\NELSON\AppData\Local\Programs\Python\Python312\Lib\json\encoder.py", line 200, in encode
    chunks = self.iterencode(o, _one_shot=True)
             ^^^^^^^^^^^^^^^^^^^^^^^^^^^^^^^^^^
  File "C:\Users\NELSON\AppData\Local\Programs\Python\Python312\Lib\json\encoder.py", line 258, in iterencode
    return _iterencode(o, 0)
           ^^^^^^^^^^^^^^^^^
  File "C:\code\sacco\venv\Lib\site-packages\django\core\serializers\json.py", line 106, in default
    return super().default(o)
           ^^^^^^^^^^^^^^^^^^
  File "C:\Users\NELSON\AppData\Local\Programs\Python\Python312\Lib\json\encoder.py", line 180, in default
    raise TypeError(f'Object of type {o.__class__.__name__} '
TypeError: Object of type QuerySet is not JSON serializable
2025-11-20 19:28:40,335 [WARNING] Not Found: /favicon.ico
2025-11-20 19:28:42,025 [ERROR] Internal Server Error: /admin/cash_dividends/savingsaccount/
Traceback (most recent call last):
  File "C:\code\sacco\venv\Lib\site-packages\django\core\handlers\exception.py", line 55, in inner
    response = get_response(request)
               ^^^^^^^^^^^^^^^^^^^^^
  File "C:\code\sacco\venv\Lib\site-packages\django\core\handlers\base.py", line 220, in _get_response
    response = response.render()
               ^^^^^^^^^^^^^^^^^
  File "C:\code\sacco\venv\Lib\site-packages\django\template\response.py", line 114, in render
    self.content = self.rendered_content
                   ^^^^^^^^^^^^^^^^^^^^^
  File "C:\code\sacco\venv\Lib\site-packages\django\template\response.py", line 92, in rendered_content
    return template.render(context, self._request)
           ^^^^^^^^^^^^^^^^^^^^^^^^^^^^^^^^^^^^^^^
  File "C:\code\sacco\venv\Lib\site-packages\django\template\backends\django.py", line 61, in render
    return self.template.render(context)
           ^^^^^^^^^^^^^^^^^^^^^^^^^^^^^
  File "C:\code\sacco\venv\Lib\site-packages\django\template\base.py", line 171, in render
    return self._render(context)
           ^^^^^^^^^^^^^^^^^^^^^
  File "C:\code\sacco\venv\Lib\site-packages\django\template\base.py", line 163, in _render
    return self.nodelist.render(context)
           ^^^^^^^^^^^^^^^^^^^^^^^^^^^^^
  File "C:\code\sacco\venv\Lib\site-packages\django\template\base.py", line 1000, in render
    return SafeString("".join([node.render_annotated(context) for node in self]))
                               ^^^^^^^^^^^^^^^^^^^^^^^^^^^^^^
  File "C:\code\sacco\venv\Lib\site-packages\django\template\base.py", line 961, in render_annotated
    return self.render(context)
           ^^^^^^^^^^^^^^^^^^^^
  File "C:\code\sacco\venv\Lib\site-packages\django\template\loader_tags.py", line 159, in render
    return compiled_parent._render(context)
           ^^^^^^^^^^^^^^^^^^^^^^^^^^^^^^^^
  File "C:\code\sacco\venv\Lib\site-packages\django\template\base.py", line 163, in _render
    return self.nodelist.render(context)
           ^^^^^^^^^^^^^^^^^^^^^^^^^^^^^
  File "C:\code\sacco\venv\Lib\site-packages\django\template\base.py", line 1000, in render
    return SafeString("".join([node.render_annotated(context) for node in self]))
                               ^^^^^^^^^^^^^^^^^^^^^^^^^^^^^^
  File "C:\code\sacco\venv\Lib\site-packages\django\template\base.py", line 961, in render_annotated
    return self.render(context)
           ^^^^^^^^^^^^^^^^^^^^
  File "C:\code\sacco\venv\Lib\site-packages\django\template\loader_tags.py", line 159, in render
    return compiled_parent._render(context)
           ^^^^^^^^^^^^^^^^^^^^^^^^^^^^^^^^
  File "C:\code\sacco\venv\Lib\site-packages\django\template\base.py", line 163, in _render
    return self.nodelist.render(context)
           ^^^^^^^^^^^^^^^^^^^^^^^^^^^^^
  File "C:\code\sacco\venv\Lib\site-packages\django\template\base.py", line 1000, in render
    return SafeString("".join([node.render_annotated(context) for node in self]))
                               ^^^^^^^^^^^^^^^^^^^^^^^^^^^^^^
  File "C:\code\sacco\venv\Lib\site-packages\django\template\base.py", line 961, in render_annotated
    return self.render(context)
           ^^^^^^^^^^^^^^^^^^^^
  File "C:\code\sacco\venv\Lib\site-packages\django\template\loader_tags.py", line 159, in render
    return compiled_parent._render(context)
           ^^^^^^^^^^^^^^^^^^^^^^^^^^^^^^^^
  File "C:\code\sacco\venv\Lib\site-packages\django\template\base.py", line 163, in _render
    return self.nodelist.render(context)
           ^^^^^^^^^^^^^^^^^^^^^^^^^^^^^
  File "C:\code\sacco\venv\Lib\site-packages\django\template\base.py", line 1000, in render
    return SafeString("".join([node.render_annotated(context) for node in self]))
                               ^^^^^^^^^^^^^^^^^^^^^^^^^^^^^^
  File "C:\code\sacco\venv\Lib\site-packages\django\template\base.py", line 961, in render_annotated
    return self.render(context)
           ^^^^^^^^^^^^^^^^^^^^
  File "C:\code\sacco\venv\Lib\site-packages\django\template\loader_tags.py", line 65, in render
    result = block.nodelist.render(context)
             ^^^^^^^^^^^^^^^^^^^^^^^^^^^^^^
  File "C:\code\sacco\venv\Lib\site-packages\django\template\base.py", line 1000, in render
    return SafeString("".join([node.render_annotated(context) for node in self]))
                               ^^^^^^^^^^^^^^^^^^^^^^^^^^^^^^
  File "C:\code\sacco\venv\Lib\site-packages\django\template\base.py", line 961, in render_annotated
    return self.render(context)
           ^^^^^^^^^^^^^^^^^^^^
  File "C:\code\sacco\venv\Lib\site-packages\django\template\base.py", line 1059, in render
    output = self.filter_expression.resolve(context)
             ^^^^^^^^^^^^^^^^^^^^^^^^^^^^^^^^^^^^^^^
  File "C:\code\sacco\venv\Lib\site-packages\django\template\base.py", line 737, in resolve
    new_obj = func(obj, *arg_vals)
              ^^^^^^^^^^^^^^^^^^^^
  File "C:\code\sacco\venv\Lib\site-packages\django\template\defaultfilters.py", line 93, in json_script
    return _json_script(value, element_id)
           ^^^^^^^^^^^^^^^^^^^^^^^^^^^^^^^
  File "C:\code\sacco\venv\Lib\site-packages\django\utils\html.py", line 93, in json_script
    json_str = json.dumps(value, cls=encoder or DjangoJSONEncoder).translate(
               ^^^^^^^^^^^^^^^^^^^^^^^^^^^^^^^^^^^^^^^^^^^^^^^^^^^
  File "C:\Users\NELSON\AppData\Local\Programs\Python\Python312\Lib\json\__init__.py", line 238, in dumps
    **kw).encode(obj)
          ^^^^^^^^^^^
  File "C:\Users\NELSON\AppData\Local\Programs\Python\Python312\Lib\json\encoder.py", line 200, in encode
    chunks = self.iterencode(o, _one_shot=True)
             ^^^^^^^^^^^^^^^^^^^^^^^^^^^^^^^^^^
  File "C:\Users\NELSON\AppData\Local\Programs\Python\Python312\Lib\json\encoder.py", line 258, in iterencode
    return _iterencode(o, 0)
           ^^^^^^^^^^^^^^^^^
  File "C:\code\sacco\venv\Lib\site-packages\django\core\serializers\json.py", line 106, in default
    return super().default(o)
           ^^^^^^^^^^^^^^^^^^
  File "C:\Users\NELSON\AppData\Local\Programs\Python\Python312\Lib\json\encoder.py", line 180, in default
    raise TypeError(f'Object of type {o.__class__.__name__} '
TypeError: Object of type QuerySet is not JSON serializable
2025-11-20 19:34:13,672 [WARNING] Not Found: /favicon.ico
2025-11-21 09:26:40,309 [INFO] Watching for file changes with StatReloader
2025-11-21 09:27:35,236 [WARNING] Not Found: /favicon.ico
2025-11-21 10:31:34,569 [WARNING] Not Found: /favicon.ico
2025-11-21 13:13:13,994 [WARNING] Not Found: /favicon.ico
